<?xml version="1.0" encoding="UTF-8"?>
<!-- Generated by org.testng.reporters.JUnitReportReporter -->
<testsuite hostname="DESKTOP-RR3O2CG" failures="0" tests="5" name="testCases.TC_03_LogIn_DataDrivenTest" time="37.724" errors="0" timestamp="2025-08-03T01:47:37 IST" skipped="0">
  <testcase classname="testCases.TC_03_LogIn_DataDrivenTest" name="verify_logIn_dataDrivenTest" time="2.484"/>
  <testcase classname="testCases.TC_03_LogIn_DataDrivenTest" name="verify_logIn_dataDrivenTest" time="11.325"/>
  <testcase classname="testCases.TC_03_LogIn_DataDrivenTest" name="verify_logIn_dataDrivenTest" time="1.772"/>
  <testcase classname="testCases.TC_03_LogIn_DataDrivenTest" name="verify_logIn_dataDrivenTest" time="11.353"/>
  <testcase classname="testCases.TC_03_LogIn_DataDrivenTest" name="verify_logIn_dataDrivenTest" time="10.790"/>
</testsuite> <!-- testCases.TC_03_LogIn_DataDrivenTest -->
