<?xml version="1.0" encoding="UTF-8"?>
<!-- Generated by org.testng.reporters.JUnitReportReporter -->
<testsuite hostname="DESKTOP-RR3O2CG" failures="0" tests="1" name="testCases.TC_04_SearchProductTest" time="1.058" errors="0" timestamp="2025-08-09T19:29:09 IST" skipped="0">
  <testcase classname="testCases.TC_04_SearchProductTest" name="verify_productSearch" time="1.058"/>
</testsuite> <!-- testCases.TC_04_SearchProductTest -->
