<?xml version="1.0" encoding="UTF-8"?>
<!-- Generated by org.testng.reporters.JUnitReportReporter -->
<testsuite hostname="DESKTOP-RR3O2CG" failures="0" tests="1" name="testCases.TC_05_AddToCartTest" time="1.326" errors="0" timestamp="2025-08-10T08:37:08 IST" skipped="0">
  <testcase classname="testCases.TC_05_AddToCartTest" name="verify_addToCart" time="1.326"/>
</testsuite> <!-- testCases.TC_05_AddToCartTest -->
