<?xml version="1.0" encoding="UTF-8"?>
<!-- Generated by org.testng.reporters.JUnitReportReporter -->
<testsuite hostname="DESKTOP-RR3O2CG" failures="0" tests="1" name="testCases.TC_05_AddToCartTest_SearchPage" time="2.194" errors="0" timestamp="2025-08-10T09:37:09 IST" skipped="0">
  <testcase classname="testCases.TC_05_AddToCartTest_SearchPage" name="verify_addToCart" time="2.194"/>
</testsuite> <!-- testCases.TC_05_AddToCartTest_SearchPage -->
