<?xml version="1.0" encoding="UTF-8"?>
<!-- Generated by org.testng.reporters.JUnitReportReporter -->
<testsuite hostname="DESKTOP-RR3O2CG" failures="0" tests="1" name="testCases.TC_06_AddToCartTest_ItemPage" time="3.656" errors="0" timestamp="2025-08-10T09:38:41 IST" skipped="0">
  <testcase classname="testCases.TC_06_AddToCartTest_ItemPage" name="verify_addToCart" time="3.656"/>
</testsuite> <!-- testCases.TC_06_AddToCartTest_ItemPage -->
