<?xml version="1.0" encoding="UTF-8"?>
<!-- Generated by org.testng.reporters.JUnitReportReporter -->
<testsuite hostname="DESKTOP-RR3O2CG" failures="0" tests="1" name="testCases.TC_07_CheckOutProductTest" time="9.249" errors="0" timestamp="2025-08-10T21:34:15 IST" skipped="0">
  <testcase classname="testCases.TC_07_CheckOutProductTest" name="verify_checkoutProcess" time="9.249"/>
</testsuite> <!-- testCases.TC_07_CheckOutProductTest -->
