<?xml version="1.0" encoding="UTF-8"?>
<!-- Generated by org.testng.reporters.JUnitReportReporter -->
<testsuite hostname="DESKTOP-RR3O2CG" failures="0" tests="1" name="testCases.TC_01_AccountRegistrationTest" time="3.172" errors="0" timestamp="2025-08-09T16:57:59 IST" skipped="0">
  <testcase classname="testCases.TC_01_AccountRegistrationTest" name="verify_account_registration" time="3.172"/>
</testsuite> <!-- testCases.TC_01_AccountRegistrationTest -->
