<?xml version="1.0" encoding="UTF-8"?>
<!-- Generated by org.testng.reporters.JUnitReportReporter -->
<testsuite hostname="DESKTOP-RR3O2CG" failures="0" tests="1" name="testCases.TC_02_LogInTest" time="1.721" errors="0" timestamp="2025-08-10T21:41:14 IST" skipped="0">
  <testcase classname="testCases.TC_02_LogInTest" name="verify_LogIn" time="1.721"/>
</testsuite> <!-- testCases.TC_02_LogInTest -->
