<?xml version="1.0" encoding="UTF-8"?>
<!-- Generated by org.testng.reporters.JUnitReportReporter -->
<testsuite hostname="DESKTOP-RR3O2CG" failures="0" tests="1" name="testCases.TC_02_LogInTest" time="2.327" errors="0" timestamp="2025-08-10T21:59:41 IST" skipped="0">
  <testcase classname="testCases.TC_02_LogInTest" name="verify_LogIn" time="2.327"/>
</testsuite> <!-- testCases.TC_02_LogInTest -->
