<?xml version="1.0" encoding="UTF-8"?>
<!-- Generated by org.testng.reporters.JUnitReportReporter -->
<testsuite hostname="DESKTOP-RR3O2CG" failures="0" tests="1" name="testCases.TC_01_AccountRegistrationTest" time="5.614" errors="0" timestamp="2025-08-09T17:31:44 IST" skipped="0">
  <testcase classname="testCases.TC_01_AccountRegistrationTest" name="verify_account_registration" time="5.614"/>
</testsuite> <!-- testCases.TC_01_AccountRegistrationTest -->
